Mon, 15 Jan 2018 15:30:09 ctfund.py[line:212] INFO start to get fund list,please wait.......
Mon, 15 Jan 2018 15:30:11 ctfund.py[line:79] INFO get_title_list 财通福鑫定开混合 early end
Mon, 15 Jan 2018 15:30:12 ctfund.py[line:79] INFO get_title_list 财通福盛定开混合 early end
Mon, 15 Jan 2018 15:30:12 ctfund.py[line:79] INFO get_title_list 财通福瑞定开混合 early end
Mon, 15 Jan 2018 15:30:13 ctfund.py[line:79] INFO get_title_list 财通多策略福享混合 early end
Mon, 15 Jan 2018 15:30:14 ctfund.py[line:79] INFO get_title_list 财通多策略升级混合 early end
Mon, 15 Jan 2018 15:30:15 ctfund.py[line:79] INFO get_title_list 财通多策略精选混合 early end
Mon, 15 Jan 2018 15:30:16 ctfund.py[line:79] INFO get_title_list 财通成长优选混合 early end
Mon, 15 Jan 2018 15:30:17 ctfund.py[line:79] INFO get_title_list 财通可持续混合 early end
Mon, 15 Jan 2018 15:30:17 ctfund.py[line:79] INFO get_title_list 财通价值动量混合 early end
Mon, 15 Jan 2018 15:30:18 ctfund.py[line:79] INFO get_title_list 财通稳健增长债券 early end
Mon, 15 Jan 2018 15:30:18 ctfund.py[line:79] INFO get_title_list 财通稳健增长债券 early end
Mon, 15 Jan 2018 15:30:19 ctfund.py[line:79] INFO get_title_list 财通收益增强债券 early end
Mon, 15 Jan 2018 15:30:19 ctfund.py[line:79] INFO get_title_list 财通收益增强债券 early end
Mon, 15 Jan 2018 15:30:20 ctfund.py[line:79] INFO get_title_list 财通指数100 early end
Mon, 15 Jan 2018 15:30:21 ctfund.py[line:79] INFO get_title_list 财通指数100 early end
Mon, 15 Jan 2018 15:30:21 ctfund.py[line:79] INFO get_title_list 财通纯债债券 early end
Mon, 15 Jan 2018 15:30:22 ctfund.py[line:79] INFO get_title_list 财通纯债债券 early end
Mon, 15 Jan 2018 15:30:22 ctfund.py[line:79] INFO get_title_list 财通宝货币 early end
Mon, 15 Jan 2018 15:30:23 ctfund.py[line:79] INFO get_title_list 财通宝货币 early end
Mon, 15 Jan 2018 15:30:31 ctfund.py[line:79] INFO get_title_list 基金公告 early end
Mon, 15 Jan 2018 15:30:31 ctfund.py[line:145] INFO -------共失败0条记录----------------
